<?xml version="1.0" encoding="UTF-8"?>
<!-- Generated by org.testng.reporters.JUnitReportReporter -->
<testsuite hostname="DESKTOP-8BIQ62C" failures="0" tests="2" name="TestRunner.Index_Runner" time="0.026" errors="0" timestamp="2023-03-24T19:42:22 IST" skipped="0">
  <testcase classname="TestRunner.Index_Runner" name="t2" time="0.002"/>
  <system-out/>
  <testcase classname="TestRunner.Index_Runner" name="t1" time="0.024"/>
  <system-out/>
</testsuite> <!-- TestRunner.Index_Runner -->
